# JRE version: OpenJDK Runtime Environment (8.0_76-b03) (build 1.8.0_76-release-b03)
# Java VM: OpenJDK 64-Bit Server VM (25.76-b03 mixed mode windows-amd64 compressed oops)
Heap:
 PSYoungGen      total 134656K, used 29651K [0x00000000e0000000, 0x00000000eb500000, 0x0000000100000000)
  eden space 125440K, 23% used [0x00000000e0000000,0x00000000e1cf4ed8,0x00000000e7a80000)
  from space 9216K, 0% used [0x00000000e8700000,0x00000000e8700000,0x00000000e9000000)
  to   space 12800K, 0% used [0x00000000e7a80000,0x00000000e7a80000,0x00000000e8700000)
 ParOldGen       total 112640K, used 18371K [0x00000000a0000000, 0x00000000a6e00000, 0x00000000e0000000)
  object space 112640K, 16% used [0x00000000a0000000,0x00000000a11f0df8,0x00000000a6e00000)
 Metaspace       used 36213K, capacity 37022K, committed 37424K, reserved 1081344K
  class space    used 4863K, capacity 5058K, committed 5168K, reserved 1048576K
GC Heap History (10 events):
Event: 15.518 GC heap before
{Heap before GC invocations=4 (full 1):
 PSYoungGen      total 71680K, used 5088K [0x00000000e0000000, 0x00000000e8c00000, 0x0000000100000000)
  eden space 66560K, 0% used [0x00000000e0000000,0x00000000e0000000,0x00000000e4100000)
  from space 5120K, 99% used [0x00000000e4100000,0x00000000e45f8020,0x00000000e4600000)
  to   space 5120K, 0% used [0x00000000e8700000,0x00000000e8700000,0x00000000e8c00000)
 ParOldGen       total 87552K, used 8148K [0x00000000a0000000, 0x00000000a5580000, 0x00000000e0000000)
  object space 87552K, 9% used [0x00000000a0000000,0x00000000a07f5300,0x00000000a5580000)
 Metaspace       used 20775K, capacity 21196K, committed 21296K, reserved 1067008K
  class space    used 2701K, capacity 2822K, committed 2864K, reserved 1048576K
Event: 15.718 GC heap after
Heap after GC invocations=4 (full 1):
 PSYoungGen      total 71680K, used 0K [0x00000000e0000000, 0x00000000e8c00000, 0x0000000100000000)
  eden space 66560K, 0% used [0x00000000e0000000,0x00000000e0000000,0x00000000e4100000)
  from space 5120K, 0% used [0x00000000e4100000,0x00000000e4100000,0x00000000e4600000)
  to   space 5120K, 0% used [0x00000000e8700000,0x00000000e8700000,0x00000000e8c00000)
 ParOldGen       total 71680K, used 11821K [0x00000000a0000000, 0x00000000a4600000, 0x00000000e0000000)
  object space 71680K, 16% used [0x00000000a0000000,0x00000000a0b8b5c0,0x00000000a4600000)
 Metaspace       used 20775K, capacity 21196K, committed 21296K, reserved 1067008K
  class space    used 2701K, capacity 2822K, committed 2864K, reserved 1048576K
}
Event: 19.203 GC heap before
{Heap before GC invocations=5 (full 1):
 PSYoungGen      total 71680K, used 66560K [0x00000000e0000000, 0x00000000e8c00000, 0x0000000100000000)
  eden space 66560K, 100% used [0x00000000e0000000,0x00000000e4100000,0x00000000e4100000)
  from space 5120K, 0% used [0x00000000e4100000,0x00000000e4100000,0x00000000e4600000)
  to   space 5120K, 0% used [0x00000000e8700000,0x00000000e8700000,0x00000000e8c00000)
 ParOldGen       total 71680K, used 11821K [0x00000000a0000000, 0x00000000a4600000, 0x00000000e0000000)
  object space 71680K, 16% used [0x00000000a0000000,0x00000000a0b8b5c0,0x00000000a4600000)
 Metaspace       used 25926K, capacity 26566K, committed 26800K, reserved 1073152K
  class space    used 3564K, capacity 3709K, committed 3760K, reserved 1048576K
Event: 19.211 GC heap after
Heap after GC invocations=5 (full 1):
 PSYoungGen      total 97792K, used 5089K [0x00000000e0000000, 0x00000000e8c00000, 0x0000000100000000)
  eden space 92672K, 0% used [0x00000000e0000000,0x00000000e0000000,0x00000000e5a80000)
  from space 5120K, 99% used [0x00000000e8700000,0x00000000e8bf8450,0x00000000e8c00000)
  to   space 5120K, 0% used [0x00000000e8200000,0x00000000e8200000,0x00000000e8700000)
 ParOldGen       total 71680K, used 14508K [0x00000000a0000000, 0x00000000a4600000, 0x00000000e0000000)
  object space 71680K, 20% used [0x00000000a0000000,0x00000000a0e2b0e8,0x00000000a4600000)
 Metaspace       used 25926K, capacity 26566K, committed 26800K, reserved 1073152K
  class space    used 3564K, capacity 3709K, committed 3760K, reserved 1048576K
}
Event: 27.908 GC heap before
{Heap before GC invocations=6 (full 1):
 PSYoungGen      total 97792K, used 97761K [0x00000000e0000000, 0x00000000e8c00000, 0x0000000100000000)
  eden space 92672K, 100% used [0x00000000e0000000,0x00000000e5a80000,0x00000000e5a80000)
  from space 5120K, 99% used [0x00000000e8700000,0x00000000e8bf8450,0x00000000e8c00000)
  to   space 5120K, 0% used [0x00000000e8200000,0x00000000e8200000,0x00000000e8700000)
 ParOldGen       total 71680K, used 14508K [0x00000000a0000000, 0x00000000a4600000, 0x00000000e0000000)
  object space 71680K, 20% used [0x00000000a0000000,0x00000000a0e2b0e8,0x00000000a4600000)
 Metaspace       used 28868K, capacity 29602K, committed 29744K, reserved 1075200K
  class space    used 3924K, capacity 4101K, committed 4144K, reserved 1048576K
Event: 27.919 GC heap after
Heap after GC invocations=6 (full 1):
 PSYoungGen      total 129024K, used 5109K [0x00000000e0000000, 0x00000000e9000000, 0x0000000100000000)
  eden space 123904K, 0% used [0x00000000e0000000,0x00000000e0000000,0x00000000e7900000)
  from space 5120K, 99% used [0x00000000e8200000,0x00000000e86fd408,0x00000000e8700000)
  to   space 9216K, 0% used [0x00000000e8700000,0x00000000e8700000,0x00000000e9000000)
 ParOldGen       total 71680K, used 16070K [0x00000000a0000000, 0x00000000a4600000, 0x00000000e0000000)
  object space 71680K, 22% used [0x00000000a0000000,0x00000000a0fb1ab0,0x00000000a4600000)
 Metaspace       used 28868K, capacity 29602K, committed 29744K, reserved 1075200K
  class space    used 3924K, capacity 4101K, committed 4144K, reserved 1048576K
}
Event: 39.407 GC heap before
{Heap before GC invocations=7 (full 1):
 PSYoungGen      total 129024K, used 85413K [0x00000000e0000000, 0x00000000e9000000, 0x0000000100000000)
  eden space 123904K, 64% used [0x00000000e0000000,0x00000000e4e6c158,0x00000000e7900000)
  from space 5120K, 99% used [0x00000000e8200000,0x00000000e86fd408,0x00000000e8700000)
  to   space 9216K, 0% used [0x00000000e8700000,0x00000000e8700000,0x00000000e9000000)
 ParOldGen       total 71680K, used 16070K [0x00000000a0000000, 0x00000000a4600000, 0x00000000e0000000)
  object space 71680K, 22% used [0x00000000a0000000,0x00000000a0fb1ab0,0x00000000a4600000)
 Metaspace       used 34640K, capacity 35298K, committed 35496K, reserved 1079296K
  class space    used 4657K, capacity 4850K, committed 4912K, reserved 1048576K
Event: 39.426 GC heap after
Heap after GC invocations=7 (full 1):
 PSYoungGen      total 134656K, used 9190K [0x00000000e0000000, 0x00000000eb500000, 0x0000000100000000)
  eden space 125440K, 0% used [0x00000000e0000000,0x00000000e0000000,0x00000000e7a80000)
  from space 9216K, 99% used [0x00000000e8700000,0x00000000e8ff9968,0x00000000e9000000)
  to   space 12800K, 0% used [0x00000000e7a80000,0x00000000e7a80000,0x00000000e8700000)
 ParOldGen       total 71680K, used 17870K [0x00000000a0000000, 0x00000000a4600000, 0x00000000e0000000)
  object space 71680K, 24% used [0x00000000a0000000,0x00000000a11738c0,0x00000000a4600000)
 Metaspace       used 34640K, capacity 35298K, committed 35496K, reserved 1079296K
  class space    used 4657K, capacity 4850K, committed 4912K, reserved 1048576K
}
Event: 39.426 GC heap before
{Heap before GC invocations=8 (full 2):
 PSYoungGen      total 134656K, used 9190K [0x00000000e0000000, 0x00000000eb500000, 0x0000000100000000)
  eden space 125440K, 0% used [0x00000000e0000000,0x00000000e0000000,0x00000000e7a80000)
  from space 9216K, 99% used [0x00000000e8700000,0x00000000e8ff9968,0x00000000e9000000)
  to   space 12800K, 0% used [0x00000000e7a80000,0x00000000e7a80000,0x00000000e8700000)
 ParOldGen       total 71680K, used 17870K [0x00000000a0000000, 0x00000000a4600000, 0x00000000e0000000)
  object space 71680K, 24% used [0x00000000a0000000,0x00000000a11738c0,0x00000000a4600000)
 Metaspace       used 34640K, capacity 35298K, committed 35496K, reserved 1079296K
  class space    used 4657K, capacity 4850K, committed 4912K, reserved 1048576K
Event: 39.682 GC heap after
Heap after GC invocations=8 (full 2):
 PSYoungGen      total 134656K, used 0K [0x00000000e0000000, 0x00000000eb500000, 0x0000000100000000)
  eden space 125440K, 0% used [0x00000000e0000000,0x00000000e0000000,0x00000000e7a80000)
  from space 9216K, 0% used [0x00000000e8700000,0x00000000e8700000,0x00000000e9000000)
  to   space 12800K, 0% used [0x00000000e7a80000,0x00000000e7a80000,0x00000000e8700000)
 ParOldGen       total 112640K, used 18371K [0x00000000a0000000, 0x00000000a6e00000, 0x00000000e0000000)
  object space 112640K, 16% used [0x00000000a0000000,0x00000000a11f0df8,0x00000000a6e00000)
 Metaspace       used 34640K, capacity 35298K, committed 35496K, reserved 1079296K
  class space    used 4657K, capacity 4850K, committed 4912K, reserved 1048576K
}

