# JRE version: OpenJDK Runtime Environment (8.0_76-b03) (build 1.8.0_76-release-b03)
# Java VM: OpenJDK 64-Bit Server VM (25.76-b03 mixed mode windows-amd64 compressed oops)
Heap:
 PSYoungGen      total 336384K, used 61640K [0x00000000e0000000, 0x00000000fe800000, 0x0000000100000000)
  eden space 315392K, 13% used [0x00000000e0000000,0x00000000e28b8fc0,0x00000000f3400000)
  from space 20992K, 94% used [0x00000000f3400000,0x00000000f4779118,0x00000000f4880000)
  to   space 23552K, 0% used [0x00000000fd100000,0x00000000fd100000,0x00000000fe800000)
 ParOldGen       total 73216K, used 43447K [0x00000000a0000000, 0x00000000a4780000, 0x00000000e0000000)
  object space 73216K, 59% used [0x00000000a0000000,0x00000000a2a6dcd8,0x00000000a4780000)
 Metaspace       used 59301K, capacity 61774K, committed 62000K, reserved 1103872K
  class space    used 7878K, capacity 8486K, committed 8496K, reserved 1048576K
GC Heap History (10 events):
Event: 20.404 GC heap before
{Heap before GC invocations=16 (full 2):
 PSYoungGen      total 156672K, used 26267K [0x00000000e0000000, 0x00000000efd00000, 0x0000000100000000)
  eden space 142336K, 8% used [0x00000000e0000000,0x00000000e0baa030,0x00000000e8b00000)
  from space 14336K, 99% used [0x00000000e8b00000,0x00000000e98fce88,0x00000000e9900000)
  to   space 21504K, 0% used [0x00000000ee800000,0x00000000ee800000,0x00000000efd00000)
 ParOldGen       total 73216K, used 32764K [0x00000000a0000000, 0x00000000a4780000, 0x00000000e0000000)
  object space 73216K, 44% used [0x00000000a0000000,0x00000000a1fff398,0x00000000a4780000)
 Metaspace       used 51992K, capacity 54052K, committed 54320K, reserved 1095680K
  class space    used 7145K, capacity 7693K, committed 7728K, reserved 1048576K
Event: 20.420 GC heap after
Heap after GC invocations=16 (full 2):
 PSYoungGen      total 236544K, used 15218K [0x00000000e0000000, 0x00000000eff00000, 0x0000000100000000)
  eden space 215040K, 0% used [0x00000000e0000000,0x00000000e0000000,0x00000000ed200000)
  from space 21504K, 70% used [0x00000000ee800000,0x00000000ef6dc888,0x00000000efd00000)
  to   space 22528K, 0% used [0x00000000ed200000,0x00000000ed200000,0x00000000ee800000)
 ParOldGen       total 73216K, used 32772K [0x00000000a0000000, 0x00000000a4780000, 0x00000000e0000000)
  object space 73216K, 44% used [0x00000000a0000000,0x00000000a2001398,0x00000000a4780000)
 Metaspace       used 51992K, capacity 54052K, committed 54320K, reserved 1095680K
  class space    used 7145K, capacity 7693K, committed 7728K, reserved 1048576K
}
Event: 20.420 GC heap before
{Heap before GC invocations=17 (full 3):
 PSYoungGen      total 236544K, used 15218K [0x00000000e0000000, 0x00000000eff00000, 0x0000000100000000)
  eden space 215040K, 0% used [0x00000000e0000000,0x00000000e0000000,0x00000000ed200000)
  from space 21504K, 70% used [0x00000000ee800000,0x00000000ef6dc888,0x00000000efd00000)
  to   space 22528K, 0% used [0x00000000ed200000,0x00000000ed200000,0x00000000ee800000)
 ParOldGen       total 73216K, used 32772K [0x00000000a0000000, 0x00000000a4780000, 0x00000000e0000000)
  object space 73216K, 44% used [0x00000000a0000000,0x00000000a2001398,0x00000000a4780000)
 Metaspace       used 51992K, capacity 54052K, committed 54320K, reserved 1095680K
  class space    used 7145K, capacity 7693K, committed 7728K, reserved 1048576K
Event: 20.686 GC heap after
Heap after GC invocations=17 (full 3):
 PSYoungGen      total 236544K, used 0K [0x00000000e0000000, 0x00000000eff00000, 0x0000000100000000)
  eden space 215040K, 0% used [0x00000000e0000000,0x00000000e0000000,0x00000000ed200000)
  from space 21504K, 0% used [0x00000000ee800000,0x00000000ee800000,0x00000000efd00000)
  to   space 22528K, 0% used [0x00000000ed200000,0x00000000ed200000,0x00000000ee800000)
 ParOldGen       total 73216K, used 40902K [0x00000000a0000000, 0x00000000a4780000, 0x00000000e0000000)
  object space 73216K, 55% used [0x00000000a0000000,0x00000000a27f1868,0x00000000a4780000)
 Metaspace       used 51992K, capacity 54052K, committed 54320K, reserved 1095680K
  class space    used 7145K, capacity 7693K, committed 7728K, reserved 1048576K
}
Event: 34.288 GC heap before
{Heap before GC invocations=18 (full 3):
 PSYoungGen      total 236544K, used 215040K [0x00000000e0000000, 0x00000000eff00000, 0x0000000100000000)
  eden space 215040K, 100% used [0x00000000e0000000,0x00000000ed200000,0x00000000ed200000)
  from space 21504K, 0% used [0x00000000ee800000,0x00000000ee800000,0x00000000efd00000)
  to   space 22528K, 0% used [0x00000000ed200000,0x00000000ed200000,0x00000000ee800000)
 ParOldGen       total 73216K, used 40902K [0x00000000a0000000, 0x00000000a4780000, 0x00000000e0000000)
  object space 73216K, 55% used [0x00000000a0000000,0x00000000a27f1868,0x00000000a4780000)
 Metaspace       used 56109K, capacity 58314K, committed 58672K, reserved 1099776K
  class space    used 7559K, capacity 8130K, committed 8240K, reserved 1048576K
Event: 34.306 GC heap after
Heap after GC invocations=18 (full 3):
 PSYoungGen      total 237568K, used 10131K [0x00000000e0000000, 0x00000000f6380000, 0x0000000100000000)
  eden space 215040K, 0% used [0x00000000e0000000,0x00000000e0000000,0x00000000ed200000)
  from space 22528K, 44% used [0x00000000ed200000,0x00000000edbe4f68,0x00000000ee800000)
  to   space 21504K, 0% used [0x00000000f4e80000,0x00000000f4e80000,0x00000000f6380000)
 ParOldGen       total 73216K, used 40910K [0x00000000a0000000, 0x00000000a4780000, 0x00000000e0000000)
  object space 73216K, 55% used [0x00000000a0000000,0x00000000a27f3868,0x00000000a4780000)
 Metaspace       used 56109K, capacity 58314K, committed 58672K, reserved 1099776K
  class space    used 7559K, capacity 8130K, committed 8240K, reserved 1048576K
}
Event: 48.130 GC heap before
{Heap before GC invocations=19 (full 3):
 PSYoungGen      total 237568K, used 225171K [0x00000000e0000000, 0x00000000f6380000, 0x0000000100000000)
  eden space 215040K, 100% used [0x00000000e0000000,0x00000000ed200000,0x00000000ed200000)
  from space 22528K, 44% used [0x00000000ed200000,0x00000000edbe4f68,0x00000000ee800000)
  to   space 21504K, 0% used [0x00000000f4e80000,0x00000000f4e80000,0x00000000f6380000)
 ParOldGen       total 73216K, used 40910K [0x00000000a0000000, 0x00000000a4780000, 0x00000000e0000000)
  object space 73216K, 55% used [0x00000000a0000000,0x00000000a27f3868,0x00000000a4780000)
 Metaspace       used 58103K, capacity 60392K, committed 60592K, reserved 1101824K
  class space    used 7775K, capacity 8367K, committed 8368K, reserved 1048576K
Event: 48.142 GC heap after
Heap after GC invocations=19 (full 3):
 PSYoungGen      total 330240K, used 12578K [0x00000000e0000000, 0x00000000f5d00000, 0x0000000100000000)
  eden space 315392K, 0% used [0x00000000e0000000,0x00000000e0000000,0x00000000f3400000)
  from space 14848K, 84% used [0x00000000f4e80000,0x00000000f5ac8b48,0x00000000f5d00000)
  to   space 20992K, 0% used [0x00000000f3400000,0x00000000f3400000,0x00000000f4880000)
 ParOldGen       total 73216K, used 40918K [0x00000000a0000000, 0x00000000a4780000, 0x00000000e0000000)
  object space 73216K, 55% used [0x00000000a0000000,0x00000000a27f5868,0x00000000a4780000)
 Metaspace       used 58103K, capacity 60392K, committed 60592K, reserved 1101824K
  class space    used 7775K, capacity 8367K, committed 8368K, reserved 1048576K
}
Event: 166.272 GC heap before
{Heap before GC invocations=20 (full 3):
 PSYoungGen      total 330240K, used 327970K [0x00000000e0000000, 0x00000000f5d00000, 0x0000000100000000)
  eden space 315392K, 100% used [0x00000000e0000000,0x00000000f3400000,0x00000000f3400000)
  from space 14848K, 84% used [0x00000000f4e80000,0x00000000f5ac8b48,0x00000000f5d00000)
  to   space 20992K, 0% used [0x00000000f3400000,0x00000000f3400000,0x00000000f4880000)
 ParOldGen       total 73216K, used 40918K [0x00000000a0000000, 0x00000000a4780000, 0x00000000e0000000)
  object space 73216K, 55% used [0x00000000a0000000,0x00000000a27f5868,0x00000000a4780000)
 Metaspace       used 59274K, capacity 61774K, committed 62000K, reserved 1103872K
  class space    used 7878K, capacity 8486K, committed 8496K, reserved 1048576K
Event: 166.319 GC heap after
Heap after GC invocations=20 (full 3):
 PSYoungGen      total 336384K, used 19940K [0x00000000e0000000, 0x00000000fe800000, 0x0000000100000000)
  eden space 315392K, 0% used [0x00000000e0000000,0x00000000e0000000,0x00000000f3400000)
  from space 20992K, 94% used [0x00000000f3400000,0x00000000f4779118,0x00000000f4880000)
  to   space 23552K, 0% used [0x00000000fd100000,0x00000000fd100000,0x00000000fe800000)
 ParOldGen       total 73216K, used 43447K [0x00000000a0000000, 0x00000000a4780000, 0x00000000e0000000)
  object space 73216K, 59% used [0x00000000a0000000,0x00000000a2a6dcd8,0x00000000a4780000)
 Metaspace       used 59274K, capacity 61774K, committed 62000K, reserved 1103872K
  class space    used 7878K, capacity 8486K, committed 8496K, reserved 1048576K
}

