# JRE version: OpenJDK Runtime Environment (8.0_76-b03) (build 1.8.0_76-release-b03)
# Java VM: OpenJDK 64-Bit Server VM (25.76-b03 mixed mode windows-amd64 compressed oops)
Heap:
 PSYoungGen      total 232960K, used 179622K [0x00000000e0000000, 0x00000000f2680000, 0x0000000100000000)
  eden space 198144K, 90% used [0x00000000e0000000,0x00000000eaf69b48,0x00000000ec180000)
  from space 34816K, 0% used [0x00000000ec180000,0x00000000ec180000,0x00000000ee380000)
  to   space 33280K, 0% used [0x00000000f0600000,0x00000000f0600000,0x00000000f2680000)
 ParOldGen       total 195584K, used 36938K [0x00000000a0000000, 0x00000000abf00000, 0x00000000e0000000)
  object space 195584K, 18% used [0x00000000a0000000,0x00000000a2412a78,0x00000000abf00000)
 Metaspace       used 61435K, capacity 63018K, committed 63232K, reserved 1103872K
  class space    used 7840K, capacity 8182K, committed 8192K, reserved 1048576K
GC Heap History (10 events):
Event: 23.545 GC heap before
{Heap before GC invocations=15 (full 2):
 PSYoungGen      total 195584K, used 195554K [0x00000000e0000000, 0x00000000edd00000, 0x0000000100000000)
  eden space 173568K, 100% used [0x00000000e0000000,0x00000000ea980000,0x00000000ea980000)
  from space 22016K, 99% used [0x00000000ec300000,0x00000000ed878858,0x00000000ed880000)
  to   space 26112K, 0% used [0x00000000ea980000,0x00000000ea980000,0x00000000ec300000)
 ParOldGen       total 102400K, used 33325K [0x00000000a0000000, 0x00000000a6400000, 0x00000000e0000000)
  object space 102400K, 32% used [0x00000000a0000000,0x00000000a208b7c0,0x00000000a6400000)
 Metaspace       used 53063K, capacity 54462K, committed 54656K, reserved 1097728K
  class space    used 6957K, capacity 7278K, committed 7296K, reserved 1048576K
Event: 23.570 GC heap after
Heap after GC invocations=15 (full 2):
 PSYoungGen      total 199680K, used 19282K [0x00000000e0000000, 0x00000000efe00000, 0x0000000100000000)
  eden space 173568K, 0% used [0x00000000e0000000,0x00000000e0000000,0x00000000ea980000)
  from space 26112K, 73% used [0x00000000ea980000,0x00000000ebc54878,0x00000000ec300000)
  to   space 27136K, 0% used [0x00000000ee380000,0x00000000ee380000,0x00000000efe00000)
 ParOldGen       total 102400K, used 43369K [0x00000000a0000000, 0x00000000a6400000, 0x00000000e0000000)
  object space 102400K, 42% used [0x00000000a0000000,0x00000000a2a5a698,0x00000000a6400000)
 Metaspace       used 53063K, capacity 54462K, committed 54656K, reserved 1097728K
  class space    used 6957K, capacity 7278K, committed 7296K, reserved 1048576K
}
Event: 34.354 GC heap before
{Heap before GC invocations=16 (full 2):
 PSYoungGen      total 199680K, used 148366K [0x00000000e0000000, 0x00000000efe00000, 0x0000000100000000)
  eden space 173568K, 74% used [0x00000000e0000000,0x00000000e7e0f2f0,0x00000000ea980000)
  from space 26112K, 73% used [0x00000000ea980000,0x00000000ebc54878,0x00000000ec300000)
  to   space 27136K, 0% used [0x00000000ee380000,0x00000000ee380000,0x00000000efe00000)
 ParOldGen       total 102400K, used 43369K [0x00000000a0000000, 0x00000000a6400000, 0x00000000e0000000)
  object space 102400K, 42% used [0x00000000a0000000,0x00000000a2a5a698,0x00000000a6400000)
 Metaspace       used 57559K, capacity 58992K, committed 59136K, reserved 1099776K
  class space    used 7503K, capacity 7851K, committed 7936K, reserved 1048576K
Event: 34.385 GC heap after
Heap after GC invocations=16 (full 2):
 PSYoungGen      total 225280K, used 27114K [0x00000000e0000000, 0x00000000f0800000, 0x0000000100000000)
  eden space 198144K, 0% used [0x00000000e0000000,0x00000000e0000000,0x00000000ec180000)
  from space 27136K, 99% used [0x00000000ee380000,0x00000000efdfab80,0x00000000efe00000)
  to   space 34816K, 0% used [0x00000000ec180000,0x00000000ec180000,0x00000000ee380000)
 ParOldGen       total 102400K, used 53549K [0x00000000a0000000, 0x00000000a6400000, 0x00000000e0000000)
  object space 102400K, 52% used [0x00000000a0000000,0x00000000a344b4f8,0x00000000a6400000)
 Metaspace       used 57559K, capacity 58992K, committed 59136K, reserved 1099776K
  class space    used 7503K, capacity 7851K, committed 7936K, reserved 1048576K
}
Event: 34.385 GC heap before
{Heap before GC invocations=17 (full 3):
 PSYoungGen      total 225280K, used 27114K [0x00000000e0000000, 0x00000000f0800000, 0x0000000100000000)
  eden space 198144K, 0% used [0x00000000e0000000,0x00000000e0000000,0x00000000ec180000)
  from space 27136K, 99% used [0x00000000ee380000,0x00000000efdfab80,0x00000000efe00000)
  to   space 34816K, 0% used [0x00000000ec180000,0x00000000ec180000,0x00000000ee380000)
 ParOldGen       total 102400K, used 53549K [0x00000000a0000000, 0x00000000a6400000, 0x00000000e0000000)
  object space 102400K, 52% used [0x00000000a0000000,0x00000000a344b4f8,0x00000000a6400000)
 Metaspace       used 57559K, capacity 58992K, committed 59136K, reserved 1099776K
  class space    used 7503K, capacity 7851K, committed 7936K, reserved 1048576K
Event: 34.749 GC heap after
Heap after GC invocations=17 (full 3):
 PSYoungGen      total 225280K, used 0K [0x00000000e0000000, 0x00000000f0800000, 0x0000000100000000)
  eden space 198144K, 0% used [0x00000000e0000000,0x00000000e0000000,0x00000000ec180000)
  from space 27136K, 0% used [0x00000000ee380000,0x00000000ee380000,0x00000000efe00000)
  to   space 34816K, 0% used [0x00000000ec180000,0x00000000ec180000,0x00000000ee380000)
 ParOldGen       total 195584K, used 65661K [0x00000000a0000000, 0x00000000abf00000, 0x00000000e0000000)
  object space 195584K, 33% used [0x00000000a0000000,0x00000000a401f720,0x00000000abf00000)
 Metaspace       used 57557K, capacity 58986K, committed 59136K, reserved 1099776K
  class space    used 7502K, capacity 7850K, committed 7936K, reserved 1048576K
}
Event: 43.285 GC heap before
{Heap before GC invocations=18 (full 3):
 PSYoungGen      total 225280K, used 107782K [0x00000000e0000000, 0x00000000f0800000, 0x0000000100000000)
  eden space 198144K, 54% used [0x00000000e0000000,0x00000000e6941bd0,0x00000000ec180000)
  from space 27136K, 0% used [0x00000000ee380000,0x00000000ee380000,0x00000000efe00000)
  to   space 34816K, 0% used [0x00000000ec180000,0x00000000ec180000,0x00000000ee380000)
 ParOldGen       total 195584K, used 65661K [0x00000000a0000000, 0x00000000abf00000, 0x00000000e0000000)
  object space 195584K, 33% used [0x00000000a0000000,0x00000000a401f720,0x00000000abf00000)
 Metaspace       used 60546K, capacity 62082K, committed 62208K, reserved 1103872K
  class space    used 7763K, capacity 8110K, committed 8192K, reserved 1048576K
Event: 43.297 GC heap after
Heap after GC invocations=18 (full 3):
 PSYoungGen      total 232960K, used 12424K [0x00000000e0000000, 0x00000000f2680000, 0x0000000100000000)
  eden space 198144K, 0% used [0x00000000e0000000,0x00000000e0000000,0x00000000ec180000)
  from space 34816K, 35% used [0x00000000ec180000,0x00000000ecda2398,0x00000000ee380000)
  to   space 33280K, 0% used [0x00000000f0600000,0x00000000f0600000,0x00000000f2680000)
 ParOldGen       total 195584K, used 65669K [0x00000000a0000000, 0x00000000abf00000, 0x00000000e0000000)
  object space 195584K, 33% used [0x00000000a0000000,0x00000000a4021720,0x00000000abf00000)
 Metaspace       used 60546K, capacity 62082K, committed 62208K, reserved 1103872K
  class space    used 7763K, capacity 8110K, committed 8192K, reserved 1048576K
}
Event: 43.297 GC heap before
{Heap before GC invocations=19 (full 4):
 PSYoungGen      total 232960K, used 12424K [0x00000000e0000000, 0x00000000f2680000, 0x0000000100000000)
  eden space 198144K, 0% used [0x00000000e0000000,0x00000000e0000000,0x00000000ec180000)
  from space 34816K, 35% used [0x00000000ec180000,0x00000000ecda2398,0x00000000ee380000)
  to   space 33280K, 0% used [0x00000000f0600000,0x00000000f0600000,0x00000000f2680000)
 ParOldGen       total 195584K, used 65669K [0x00000000a0000000, 0x00000000abf00000, 0x00000000e0000000)
  object space 195584K, 33% used [0x00000000a0000000,0x00000000a4021720,0x00000000abf00000)
 Metaspace       used 60546K, capacity 62082K, committed 62208K, reserved 1103872K
  class space    used 7763K, capacity 8110K, committed 8192K, reserved 1048576K
Event: 43.518 GC heap after
Heap after GC invocations=19 (full 4):
 PSYoungGen      total 232960K, used 0K [0x00000000e0000000, 0x00000000f2680000, 0x0000000100000000)
  eden space 198144K, 0% used [0x00000000e0000000,0x00000000e0000000,0x00000000ec180000)
  from space 34816K, 0% used [0x00000000ec180000,0x00000000ec180000,0x00000000ee380000)
  to   space 33280K, 0% used [0x00000000f0600000,0x00000000f0600000,0x00000000f2680000)
 ParOldGen       total 195584K, used 36938K [0x00000000a0000000, 0x00000000abf00000, 0x00000000e0000000)
  object space 195584K, 18% used [0x00000000a0000000,0x00000000a2412a78,0x00000000abf00000)
 Metaspace       used 60546K, capacity 62082K, committed 62208K, reserved 1103872K
  class space    used 7763K, capacity 8110K, committed 8192K, reserved 1048576K
}

