# JRE version: OpenJDK Runtime Environment (8.0_76-b03) (build 1.8.0_76-release-b03)
# Java VM: OpenJDK 64-Bit Server VM (25.76-b03 mixed mode windows-amd64 compressed oops)
Heap:
 PSYoungGen      total 169472K, used 45932K [0x00000000e0000000, 0x00000000edd80000, 0x0000000100000000)
  eden space 152576K, 19% used [0x00000000e0000000,0x00000000e1c5f0e8,0x00000000e9500000)
  from space 16896K, 99% used [0x00000000e9500000,0x00000000ea57c000,0x00000000ea580000)
  to   space 21504K, 0% used [0x00000000ec880000,0x00000000ec880000,0x00000000edd80000)
 ParOldGen       total 97280K, used 30412K [0x00000000a0000000, 0x00000000a5f00000, 0x00000000e0000000)
  object space 97280K, 31% used [0x00000000a0000000,0x00000000a1db3348,0x00000000a5f00000)
 Metaspace       used 51404K, capacity 52758K, committed 52992K, reserved 1095680K
  class space    used 6759K, capacity 7077K, committed 7168K, reserved 1048576K
GC Heap History (10 events):
Event: 6.352 GC heap before
{Heap before GC invocations=9 (full 1):
 PSYoungGen      total 101888K, used 25627K [0x00000000e0000000, 0x00000000e8f80000, 0x0000000100000000)
  eden space 91648K, 16% used [0x00000000e0000000,0x00000000e0f2f9f8,0x00000000e5980000)
  from space 10240K, 98% used [0x00000000e5980000,0x00000000e63575b0,0x00000000e6380000)
  to   space 11264K, 0% used [0x00000000e8480000,0x00000000e8480000,0x00000000e8f80000)
 ParOldGen       total 67584K, used 13691K [0x00000000a0000000, 0x00000000a4200000, 0x00000000e0000000)
  object space 67584K, 20% used [0x00000000a0000000,0x00000000a0d5eee0,0x00000000a4200000)
 Metaspace       used 34700K, capacity 35344K, committed 35496K, reserved 1079296K
  class space    used 4654K, capacity 4851K, committed 4864K, reserved 1048576K
Event: 6.363 GC heap after
Heap after GC invocations=9 (full 1):
 PSYoungGen      total 135680K, used 8153K [0x00000000e0000000, 0x00000000e9d00000, 0x0000000100000000)
  eden space 124416K, 0% used [0x00000000e0000000,0x00000000e0000000,0x00000000e7980000)
  from space 11264K, 72% used [0x00000000e8480000,0x00000000e8c764e8,0x00000000e8f80000)
  to   space 11264K, 0% used [0x00000000e7980000,0x00000000e7980000,0x00000000e8480000)
 ParOldGen       total 67584K, used 13699K [0x00000000a0000000, 0x00000000a4200000, 0x00000000e0000000)
  object space 67584K, 20% used [0x00000000a0000000,0x00000000a0d60ee0,0x00000000a4200000)
 Metaspace       used 34700K, capacity 35344K, committed 35496K, reserved 1079296K
  class space    used 4654K, capacity 4851K, committed 4864K, reserved 1048576K
}
Event: 6.363 GC heap before
{Heap before GC invocations=10 (full 2):
 PSYoungGen      total 135680K, used 8153K [0x00000000e0000000, 0x00000000e9d00000, 0x0000000100000000)
  eden space 124416K, 0% used [0x00000000e0000000,0x00000000e0000000,0x00000000e7980000)
  from space 11264K, 72% used [0x00000000e8480000,0x00000000e8c764e8,0x00000000e8f80000)
  to   space 11264K, 0% used [0x00000000e7980000,0x00000000e7980000,0x00000000e8480000)
 ParOldGen       total 67584K, used 13699K [0x00000000a0000000, 0x00000000a4200000, 0x00000000e0000000)
  object space 67584K, 20% used [0x00000000a0000000,0x00000000a0d60ee0,0x00000000a4200000)
 Metaspace       used 34700K, capacity 35344K, committed 35496K, reserved 1079296K
  class space    used 4654K, capacity 4851K, committed 4864K, reserved 1048576K
Event: 6.452 GC heap after
Heap after GC invocations=10 (full 2):
 PSYoungGen      total 135680K, used 0K [0x00000000e0000000, 0x00000000e9d00000, 0x0000000100000000)
  eden space 124416K, 0% used [0x00000000e0000000,0x00000000e0000000,0x00000000e7980000)
  from space 11264K, 0% used [0x00000000e8480000,0x00000000e8480000,0x00000000e8f80000)
  to   space 11264K, 0% used [0x00000000e7980000,0x00000000e7980000,0x00000000e8480000)
 ParOldGen       total 97280K, used 14848K [0x00000000a0000000, 0x00000000a5f00000, 0x00000000e0000000)
  object space 97280K, 15% used [0x00000000a0000000,0x00000000a0e80168,0x00000000a5f00000)
 Metaspace       used 34700K, capacity 35344K, committed 35496K, reserved 1079296K
  class space    used 4654K, capacity 4851K, committed 4864K, reserved 1048576K
}
Event: 9.220 GC heap before
{Heap before GC invocations=11 (full 2):
 PSYoungGen      total 135680K, used 124416K [0x00000000e0000000, 0x00000000e9d00000, 0x0000000100000000)
  eden space 124416K, 100% used [0x00000000e0000000,0x00000000e7980000,0x00000000e7980000)
  from space 11264K, 0% used [0x00000000e8480000,0x00000000e8480000,0x00000000e8f80000)
  to   space 11264K, 0% used [0x00000000e7980000,0x00000000e7980000,0x00000000e8480000)
 ParOldGen       total 97280K, used 14848K [0x00000000a0000000, 0x00000000a5f00000, 0x00000000e0000000)
  object space 97280K, 15% used [0x00000000a0000000,0x00000000a0e80168,0x00000000a5f00000)
 Metaspace       used 43140K, capacity 43920K, committed 44160K, reserved 1087488K
  class space    used 5748K, capacity 5960K, committed 6016K, reserved 1048576K
Event: 9.230 GC heap after
Heap after GC invocations=11 (full 2):
 PSYoungGen      total 135680K, used 11108K [0x00000000e0000000, 0x00000000eb180000, 0x0000000100000000)
  eden space 124416K, 0% used [0x00000000e0000000,0x00000000e0000000,0x00000000e7980000)
  from space 11264K, 98% used [0x00000000e7980000,0x00000000e8459028,0x00000000e8480000)
  to   space 12288K, 0% used [0x00000000ea580000,0x00000000ea580000,0x00000000eb180000)
 ParOldGen       total 97280K, used 14920K [0x00000000a0000000, 0x00000000a5f00000, 0x00000000e0000000)
  object space 97280K, 15% used [0x00000000a0000000,0x00000000a0e92178,0x00000000a5f00000)
 Metaspace       used 43140K, capacity 43920K, committed 44160K, reserved 1087488K
  class space    used 5748K, capacity 5960K, committed 6016K, reserved 1048576K
}
Event: 21.735 GC heap before
{Heap before GC invocations=12 (full 2):
 PSYoungGen      total 135680K, used 135524K [0x00000000e0000000, 0x00000000eb180000, 0x0000000100000000)
  eden space 124416K, 100% used [0x00000000e0000000,0x00000000e7980000,0x00000000e7980000)
  from space 11264K, 98% used [0x00000000e7980000,0x00000000e8459028,0x00000000e8480000)
  to   space 12288K, 0% used [0x00000000ea580000,0x00000000ea580000,0x00000000eb180000)
 ParOldGen       total 97280K, used 14920K [0x00000000a0000000, 0x00000000a5f00000, 0x00000000e0000000)
  object space 97280K, 15% used [0x00000000a0000000,0x00000000a0e92178,0x00000000a5f00000)
 Metaspace       used 48221K, capacity 49474K, committed 49536K, reserved 1091584K
  class space    used 6445K, capacity 6743K, committed 6784K, reserved 1048576K
Event: 21.781 GC heap after
Heap after GC invocations=12 (full 2):
 PSYoungGen      total 164864K, used 12288K [0x00000000e0000000, 0x00000000eb700000, 0x0000000100000000)
  eden space 152576K, 0% used [0x00000000e0000000,0x00000000e0000000,0x00000000e9500000)
  from space 12288K, 100% used [0x00000000ea580000,0x00000000eb180000,0x00000000eb180000)
  to   space 16896K, 0% used [0x00000000e9500000,0x00000000e9500000,0x00000000ea580000)
 ParOldGen       total 97280K, used 22984K [0x00000000a0000000, 0x00000000a5f00000, 0x00000000e0000000)
  object space 97280K, 23% used [0x00000000a0000000,0x00000000a1672318,0x00000000a5f00000)
 Metaspace       used 48221K, capacity 49474K, committed 49536K, reserved 1091584K
  class space    used 6445K, capacity 6743K, committed 6784K, reserved 1048576K
}
Event: 35.365 GC heap before
{Heap before GC invocations=13 (full 2):
 PSYoungGen      total 164864K, used 164864K [0x00000000e0000000, 0x00000000eb700000, 0x0000000100000000)
  eden space 152576K, 100% used [0x00000000e0000000,0x00000000e9500000,0x00000000e9500000)
  from space 12288K, 100% used [0x00000000ea580000,0x00000000eb180000,0x00000000eb180000)
  to   space 16896K, 0% used [0x00000000e9500000,0x00000000e9500000,0x00000000ea580000)
 ParOldGen       total 97280K, used 22984K [0x00000000a0000000, 0x00000000a5f00000, 0x00000000e0000000)
  object space 97280K, 23% used [0x00000000a0000000,0x00000000a1672318,0x00000000a5f00000)
 Metaspace       used 51280K, capacity 52598K, committed 52992K, reserved 1095680K
  class space    used 6750K, capacity 7045K, committed 7168K, reserved 1048576K
Event: 35.415 GC heap after
Heap after GC invocations=13 (full 2):
 PSYoungGen      total 169472K, used 16880K [0x00000000e0000000, 0x00000000edd80000, 0x0000000100000000)
  eden space 152576K, 0% used [0x00000000e0000000,0x00000000e0000000,0x00000000e9500000)
  from space 16896K, 99% used [0x00000000e9500000,0x00000000ea57c000,0x00000000ea580000)
  to   space 21504K, 0% used [0x00000000ec880000,0x00000000ec880000,0x00000000edd80000)
 ParOldGen       total 97280K, used 30412K [0x00000000a0000000, 0x00000000a5f00000, 0x00000000e0000000)
  object space 97280K, 31% used [0x00000000a0000000,0x00000000a1db3348,0x00000000a5f00000)
 Metaspace       used 51280K, capacity 52598K, committed 52992K, reserved 1095680K
  class space    used 6750K, capacity 7045K, committed 7168K, reserved 1048576K
}

