# JRE version: OpenJDK Runtime Environment (8.0_76-b03) (build 1.8.0_76-release-b03)
# Java VM: OpenJDK 64-Bit Server VM (25.76-b03 mixed mode windows-amd64 compressed oops)
Heap:
 PSYoungGen      total 179200K, used 121462K [0x00000000e0000000, 0x00000000ee180000, 0x0000000100000000)
  eden space 157696K, 70% used [0x00000000e0000000,0x00000000e6c96820,0x00000000e9a00000)
  from space 21504K, 47% used [0x00000000e9a00000,0x00000000ea407128,0x00000000eaf00000)
  to   space 20480K, 0% used [0x00000000ecd80000,0x00000000ecd80000,0x00000000ee180000)
 ParOldGen       total 97280K, used 41702K [0x00000000a0000000, 0x00000000a5f00000, 0x00000000e0000000)
  object space 97280K, 42% used [0x00000000a0000000,0x00000000a28b99f8,0x00000000a5f00000)
 Metaspace       used 58929K, capacity 61332K, committed 61488K, reserved 1101824K
  class space    used 7858K, capacity 8449K, committed 8496K, reserved 1048576K
GC Heap History (10 events):
Event: 14.652 GC heap before
{Heap before GC invocations=16 (full 2):
 PSYoungGen      total 111616K, used 107923K [0x00000000e0000000, 0x00000000ea200000, 0x0000000100000000)
  eden space 98816K, 96% used [0x00000000e0000000,0x00000000e5ce8220,0x00000000e6080000)
  from space 12800K, 99% used [0x00000000e6080000,0x00000000e6cfcc80,0x00000000e6d00000)
  to   space 17408K, 0% used [0x00000000e9100000,0x00000000e9100000,0x00000000ea200000)
 ParOldGen       total 97280K, used 23107K [0x00000000a0000000, 0x00000000a5f00000, 0x00000000e0000000)
  object space 97280K, 23% used [0x00000000a0000000,0x00000000a1690f18,0x00000000a5f00000)
 Metaspace       used 51961K, capacity 54012K, committed 54064K, reserved 1095680K
  class space    used 7141K, capacity 7697K, committed 7728K, reserved 1048576K
Event: 14.679 GC heap after
Heap after GC invocations=16 (full 2):
 PSYoungGen      total 143872K, used 17402K [0x00000000e0000000, 0x00000000eab00000, 0x0000000100000000)
  eden space 126464K, 0% used [0x00000000e0000000,0x00000000e0000000,0x00000000e7b80000)
  from space 17408K, 99% used [0x00000000e9100000,0x00000000ea1fe860,0x00000000ea200000)
  to   space 22016K, 0% used [0x00000000e7b80000,0x00000000e7b80000,0x00000000e9100000)
 ParOldGen       total 97280K, used 29843K [0x00000000a0000000, 0x00000000a5f00000, 0x00000000e0000000)
  object space 97280K, 30% used [0x00000000a0000000,0x00000000a1d24fb0,0x00000000a5f00000)
 Metaspace       used 51961K, capacity 54012K, committed 54064K, reserved 1095680K
  class space    used 7141K, capacity 7697K, committed 7728K, reserved 1048576K
}
Event: 14.679 GC heap before
{Heap before GC invocations=17 (full 3):
 PSYoungGen      total 143872K, used 17402K [0x00000000e0000000, 0x00000000eab00000, 0x0000000100000000)
  eden space 126464K, 0% used [0x00000000e0000000,0x00000000e0000000,0x00000000e7b80000)
  from space 17408K, 99% used [0x00000000e9100000,0x00000000ea1fe860,0x00000000ea200000)
  to   space 22016K, 0% used [0x00000000e7b80000,0x00000000e7b80000,0x00000000e9100000)
 ParOldGen       total 97280K, used 29843K [0x00000000a0000000, 0x00000000a5f00000, 0x00000000e0000000)
  object space 97280K, 30% used [0x00000000a0000000,0x00000000a1d24fb0,0x00000000a5f00000)
 Metaspace       used 51961K, capacity 54012K, committed 54064K, reserved 1095680K
  class space    used 7141K, capacity 7697K, committed 7728K, reserved 1048576K
Event: 15.037 GC heap after
Heap after GC invocations=17 (full 3):
 PSYoungGen      total 143872K, used 0K [0x00000000e0000000, 0x00000000eab00000, 0x0000000100000000)
  eden space 126464K, 0% used [0x00000000e0000000,0x00000000e0000000,0x00000000e7b80000)
  from space 17408K, 0% used [0x00000000e9100000,0x00000000e9100000,0x00000000ea200000)
  to   space 22016K, 0% used [0x00000000e7b80000,0x00000000e7b80000,0x00000000e9100000)
 ParOldGen       total 97280K, used 41678K [0x00000000a0000000, 0x00000000a5f00000, 0x00000000e0000000)
  object space 97280K, 42% used [0x00000000a0000000,0x00000000a28b39f8,0x00000000a5f00000)
 Metaspace       used 51961K, capacity 54012K, committed 54064K, reserved 1095680K
  class space    used 7141K, capacity 7697K, committed 7728K, reserved 1048576K
}
Event: 19.375 GC heap before
{Heap before GC invocations=18 (full 3):
 PSYoungGen      total 143872K, used 126464K [0x00000000e0000000, 0x00000000eab00000, 0x0000000100000000)
  eden space 126464K, 100% used [0x00000000e0000000,0x00000000e7b80000,0x00000000e7b80000)
  from space 17408K, 0% used [0x00000000e9100000,0x00000000e9100000,0x00000000ea200000)
  to   space 22016K, 0% used [0x00000000e7b80000,0x00000000e7b80000,0x00000000e9100000)
 ParOldGen       total 97280K, used 41678K [0x00000000a0000000, 0x00000000a5f00000, 0x00000000e0000000)
  object space 97280K, 42% used [0x00000000a0000000,0x00000000a28b39f8,0x00000000a5f00000)
 Metaspace       used 52576K, capacity 54836K, committed 55216K, reserved 1097728K
  class space    used 7169K, capacity 7731K, committed 7856K, reserved 1048576K
Event: 19.386 GC heap after
Heap after GC invocations=18 (full 3):
 PSYoungGen      total 148480K, used 4256K [0x00000000e0000000, 0x00000000eca00000, 0x0000000100000000)
  eden space 126464K, 0% used [0x00000000e0000000,0x00000000e0000000,0x00000000e7b80000)
  from space 22016K, 19% used [0x00000000e7b80000,0x00000000e7fa8000,0x00000000e9100000)
  to   space 22016K, 0% used [0x00000000eb480000,0x00000000eb480000,0x00000000eca00000)
 ParOldGen       total 97280K, used 41686K [0x00000000a0000000, 0x00000000a5f00000, 0x00000000e0000000)
  object space 97280K, 42% used [0x00000000a0000000,0x00000000a28b59f8,0x00000000a5f00000)
 Metaspace       used 52576K, capacity 54836K, committed 55216K, reserved 1097728K
  class space    used 7169K, capacity 7731K, committed 7856K, reserved 1048576K
}
Event: 138.756 GC heap before
{Heap before GC invocations=19 (full 3):
 PSYoungGen      total 148480K, used 130720K [0x00000000e0000000, 0x00000000eca00000, 0x0000000100000000)
  eden space 126464K, 100% used [0x00000000e0000000,0x00000000e7b80000,0x00000000e7b80000)
  from space 22016K, 19% used [0x00000000e7b80000,0x00000000e7fa8000,0x00000000e9100000)
  to   space 22016K, 0% used [0x00000000eb480000,0x00000000eb480000,0x00000000eca00000)
 ParOldGen       total 97280K, used 41686K [0x00000000a0000000, 0x00000000a5f00000, 0x00000000e0000000)
  object space 97280K, 42% used [0x00000000a0000000,0x00000000a28b59f8,0x00000000a5f00000)
 Metaspace       used 56558K, capacity 58860K, committed 58928K, reserved 1099776K
  class space    used 7649K, capacity 8217K, committed 8240K, reserved 1048576K
Event: 138.768 GC heap after
Heap after GC invocations=19 (full 3):
 PSYoungGen      total 173568K, used 6314K [0x00000000e0000000, 0x00000000ec400000, 0x0000000100000000)
  eden space 157696K, 0% used [0x00000000e0000000,0x00000000e0000000,0x00000000e9a00000)
  from space 15872K, 39% used [0x00000000eb480000,0x00000000ebaaa908,0x00000000ec400000)
  to   space 21504K, 0% used [0x00000000e9a00000,0x00000000e9a00000,0x00000000eaf00000)
 ParOldGen       total 97280K, used 41694K [0x00000000a0000000, 0x00000000a5f00000, 0x00000000e0000000)
  object space 97280K, 42% used [0x00000000a0000000,0x00000000a28b79f8,0x00000000a5f00000)
 Metaspace       used 56558K, capacity 58860K, committed 58928K, reserved 1099776K
  class space    used 7649K, capacity 8217K, committed 8240K, reserved 1048576K
}
Event: 181.480 GC heap before
{Heap before GC invocations=20 (full 3):
 PSYoungGen      total 173568K, used 164010K [0x00000000e0000000, 0x00000000ec400000, 0x0000000100000000)
  eden space 157696K, 100% used [0x00000000e0000000,0x00000000e9a00000,0x00000000e9a00000)
  from space 15872K, 39% used [0x00000000eb480000,0x00000000ebaaa908,0x00000000ec400000)
  to   space 21504K, 0% used [0x00000000e9a00000,0x00000000e9a00000,0x00000000eaf00000)
 ParOldGen       total 97280K, used 41694K [0x00000000a0000000, 0x00000000a5f00000, 0x00000000e0000000)
  object space 97280K, 42% used [0x00000000a0000000,0x00000000a28b79f8,0x00000000a5f00000)
 Metaspace       used 57705K, capacity 60110K, committed 60336K, reserved 1101824K
  class space    used 7762K, capacity 8336K, committed 8368K, reserved 1048576K
Event: 181.495 GC heap after
Heap after GC invocations=20 (full 3):
 PSYoungGen      total 179200K, used 10268K [0x00000000e0000000, 0x00000000ee180000, 0x0000000100000000)
  eden space 157696K, 0% used [0x00000000e0000000,0x00000000e0000000,0x00000000e9a00000)
  from space 21504K, 47% used [0x00000000e9a00000,0x00000000ea407128,0x00000000eaf00000)
  to   space 20480K, 0% used [0x00000000ecd80000,0x00000000ecd80000,0x00000000ee180000)
 ParOldGen       total 97280K, used 41702K [0x00000000a0000000, 0x00000000a5f00000, 0x00000000e0000000)
  object space 97280K, 42% used [0x00000000a0000000,0x00000000a28b99f8,0x00000000a5f00000)
 Metaspace       used 57705K, capacity 60110K, committed 60336K, reserved 1101824K
  class space    used 7762K, capacity 8336K, committed 8368K, reserved 1048576K
}

