# JRE version: OpenJDK Runtime Environment (8.0_76-b03) (build 1.8.0_76-release-b03)
# Java VM: OpenJDK 64-Bit Server VM (25.76-b03 mixed mode windows-amd64 compressed oops)
Heap:
 PSYoungGen      total 271360K, used 32568K [0x00000000e0000000, 0x00000000f6e00000, 0x0000000100000000)
  eden space 256512K, 9% used [0x00000000e0000000,0x00000000e16e0f50,0x00000000efa80000)
  from space 14848K, 61% used [0x00000000efa80000,0x00000000f036d428,0x00000000f0900000)
  to   space 14848K, 0% used [0x00000000f5f80000,0x00000000f5f80000,0x00000000f6e00000)
 ParOldGen       total 73728K, used 50633K [0x00000000a0000000, 0x00000000a4800000, 0x00000000e0000000)
  object space 73728K, 68% used [0x00000000a0000000,0x00000000a3172778,0x00000000a4800000)
 Metaspace       used 59052K, capacity 61442K, committed 61488K, reserved 1101824K
  class space    used 7868K, capacity 8474K, committed 8496K, reserved 1048576K
GC Heap History (10 events):
Event: 36.306 GC heap before
{Heap before GC invocations=16 (full 2):
 PSYoungGen      total 133120K, used 61543K [0x00000000e0000000, 0x00000000ecc00000, 0x0000000100000000)
  eden space 122880K, 41% used [0x00000000e0000000,0x00000000e3219d10,0x00000000e7800000)
  from space 10240K, 100% used [0x00000000e7800000,0x00000000e8200000,0x00000000e8200000)
  to   space 14336K, 0% used [0x00000000ebe00000,0x00000000ebe00000,0x00000000ecc00000)
 ParOldGen       total 73728K, used 29017K [0x00000000a0000000, 0x00000000a4800000, 0x00000000e0000000)
  object space 73728K, 39% used [0x00000000a0000000,0x00000000a1c56400,0x00000000a4800000)
 Metaspace       used 51955K, capacity 53978K, committed 54064K, reserved 1095680K
  class space    used 7144K, capacity 7692K, committed 7728K, reserved 1048576K
Event: 36.325 GC heap after
Heap after GC invocations=16 (full 2):
 PSYoungGen      total 193536K, used 6726K [0x00000000e0000000, 0x00000000ecb00000, 0x0000000100000000)
  eden space 180224K, 0% used [0x00000000e0000000,0x00000000e0000000,0x00000000eb000000)
  from space 13312K, 50% used [0x00000000ebe00000,0x00000000ec491b50,0x00000000ecb00000)
  to   space 13824K, 0% used [0x00000000eb000000,0x00000000eb000000,0x00000000ebd80000)
 ParOldGen       total 73728K, used 39213K [0x00000000a0000000, 0x00000000a4800000, 0x00000000e0000000)
  object space 73728K, 53% used [0x00000000a0000000,0x00000000a264b460,0x00000000a4800000)
 Metaspace       used 51955K, capacity 53978K, committed 54064K, reserved 1095680K
  class space    used 7144K, capacity 7692K, committed 7728K, reserved 1048576K
}
Event: 36.325 GC heap before
{Heap before GC invocations=17 (full 3):
 PSYoungGen      total 193536K, used 6726K [0x00000000e0000000, 0x00000000ecb00000, 0x0000000100000000)
  eden space 180224K, 0% used [0x00000000e0000000,0x00000000e0000000,0x00000000eb000000)
  from space 13312K, 50% used [0x00000000ebe00000,0x00000000ec491b50,0x00000000ecb00000)
  to   space 13824K, 0% used [0x00000000eb000000,0x00000000eb000000,0x00000000ebd80000)
 ParOldGen       total 73728K, used 39213K [0x00000000a0000000, 0x00000000a4800000, 0x00000000e0000000)
  object space 73728K, 53% used [0x00000000a0000000,0x00000000a264b460,0x00000000a4800000)
 Metaspace       used 51955K, capacity 53978K, committed 54064K, reserved 1095680K
  class space    used 7144K, capacity 7692K, committed 7728K, reserved 1048576K
Event: 36.642 GC heap after
Heap after GC invocations=17 (full 3):
 PSYoungGen      total 193536K, used 0K [0x00000000e0000000, 0x00000000ecb00000, 0x0000000100000000)
  eden space 180224K, 0% used [0x00000000e0000000,0x00000000e0000000,0x00000000eb000000)
  from space 13312K, 0% used [0x00000000ebe00000,0x00000000ebe00000,0x00000000ecb00000)
  to   space 13824K, 0% used [0x00000000eb000000,0x00000000eb000000,0x00000000ebd80000)
 ParOldGen       total 73728K, used 41319K [0x00000000a0000000, 0x00000000a4800000, 0x00000000e0000000)
  object space 73728K, 56% used [0x00000000a0000000,0x00000000a2859d90,0x00000000a4800000)
 Metaspace       used 51955K, capacity 53978K, committed 54064K, reserved 1095680K
  class space    used 7144K, capacity 7692K, committed 7728K, reserved 1048576K
}
Event: 56.703 GC heap before
{Heap before GC invocations=18 (full 3):
 PSYoungGen      total 193536K, used 180224K [0x00000000e0000000, 0x00000000ecb00000, 0x0000000100000000)
  eden space 180224K, 100% used [0x00000000e0000000,0x00000000eb000000,0x00000000eb000000)
  from space 13312K, 0% used [0x00000000ebe00000,0x00000000ebe00000,0x00000000ecb00000)
  to   space 13824K, 0% used [0x00000000eb000000,0x00000000eb000000,0x00000000ebd80000)
 ParOldGen       total 73728K, used 41319K [0x00000000a0000000, 0x00000000a4800000, 0x00000000e0000000)
  object space 73728K, 56% used [0x00000000a0000000,0x00000000a2859d90,0x00000000a4800000)
 Metaspace       used 54962K, capacity 57146K, committed 57264K, reserved 1097728K
  class space    used 7450K, capacity 8026K, committed 8112K, reserved 1048576K
Event: 56.713 GC heap after
Heap after GC invocations=18 (full 3):
 PSYoungGen      total 194048K, used 8372K [0x00000000e0000000, 0x00000000f1800000, 0x0000000100000000)
  eden space 180224K, 0% used [0x00000000e0000000,0x00000000e0000000,0x00000000eb000000)
  from space 13824K, 60% used [0x00000000eb000000,0x00000000eb82d1f0,0x00000000ebd80000)
  to   space 13824K, 0% used [0x00000000f0a80000,0x00000000f0a80000,0x00000000f1800000)
 ParOldGen       total 73728K, used 41327K [0x00000000a0000000, 0x00000000a4800000, 0x00000000e0000000)
  object space 73728K, 56% used [0x00000000a0000000,0x00000000a285bd90,0x00000000a4800000)
 Metaspace       used 54962K, capacity 57146K, committed 57264K, reserved 1097728K
  class space    used 7450K, capacity 8026K, committed 8112K, reserved 1048576K
}
Event: 70.103 GC heap before
{Heap before GC invocations=19 (full 3):
 PSYoungGen      total 194048K, used 188596K [0x00000000e0000000, 0x00000000f1800000, 0x0000000100000000)
  eden space 180224K, 100% used [0x00000000e0000000,0x00000000eb000000,0x00000000eb000000)
  from space 13824K, 60% used [0x00000000eb000000,0x00000000eb82d1f0,0x00000000ebd80000)
  to   space 13824K, 0% used [0x00000000f0a80000,0x00000000f0a80000,0x00000000f1800000)
 ParOldGen       total 73728K, used 41327K [0x00000000a0000000, 0x00000000a4800000, 0x00000000e0000000)
  object space 73728K, 56% used [0x00000000a0000000,0x00000000a285bd90,0x00000000a4800000)
 Metaspace       used 56525K, capacity 58756K, committed 58928K, reserved 1099776K
  class space    used 7577K, capacity 8129K, committed 8240K, reserved 1048576K
Event: 70.118 GC heap after
Heap after GC invocations=19 (full 3):
 PSYoungGen      total 266240K, used 13022K [0x00000000e0000000, 0x00000000f1780000, 0x0000000100000000)
  eden space 252928K, 0% used [0x00000000e0000000,0x00000000e0000000,0x00000000ef700000)
  from space 13312K, 97% used [0x00000000f0a80000,0x00000000f1737b18,0x00000000f1780000)
  to   space 14848K, 0% used [0x00000000efa80000,0x00000000efa80000,0x00000000f0900000)
 ParOldGen       total 73728K, used 47835K [0x00000000a0000000, 0x00000000a4800000, 0x00000000e0000000)
  object space 73728K, 64% used [0x00000000a0000000,0x00000000a2eb6e48,0x00000000a4800000)
 Metaspace       used 56525K, capacity 58756K, committed 58928K, reserved 1099776K
  class space    used 7577K, capacity 8129K, committed 8240K, reserved 1048576K
}
Event: 679.853 GC heap before
{Heap before GC invocations=20 (full 3):
 PSYoungGen      total 266240K, used 265950K [0x00000000e0000000, 0x00000000f1780000, 0x0000000100000000)
  eden space 252928K, 100% used [0x00000000e0000000,0x00000000ef700000,0x00000000ef700000)
  from space 13312K, 97% used [0x00000000f0a80000,0x00000000f1737b18,0x00000000f1780000)
  to   space 14848K, 0% used [0x00000000efa80000,0x00000000efa80000,0x00000000f0900000)
 ParOldGen       total 73728K, used 47835K [0x00000000a0000000, 0x00000000a4800000, 0x00000000e0000000)
  object space 73728K, 64% used [0x00000000a0000000,0x00000000a2eb6e48,0x00000000a4800000)
 Metaspace       used 59041K, capacity 61442K, committed 61488K, reserved 1101824K
  class space    used 7868K, capacity 8474K, committed 8496K, reserved 1048576K
Event: 679.866 GC heap after
Heap after GC invocations=20 (full 3):
 PSYoungGen      total 271360K, used 9141K [0x00000000e0000000, 0x00000000f6e00000, 0x0000000100000000)
  eden space 256512K, 0% used [0x00000000e0000000,0x00000000e0000000,0x00000000efa80000)
  from space 14848K, 61% used [0x00000000efa80000,0x00000000f036d428,0x00000000f0900000)
  to   space 14848K, 0% used [0x00000000f5f80000,0x00000000f5f80000,0x00000000f6e00000)
 ParOldGen       total 73728K, used 50633K [0x00000000a0000000, 0x00000000a4800000, 0x00000000e0000000)
  object space 73728K, 68% used [0x00000000a0000000,0x00000000a3172778,0x00000000a4800000)
 Metaspace       used 59041K, capacity 61442K, committed 61488K, reserved 1101824K
  class space    used 7868K, capacity 8474K, committed 8496K, reserved 1048576K
}

